<?xml version="1.0" encoding="UTF-8"?>
<testsuite name="com.cg.hashtable.MyHashMapTest" tests="1" skipped="0" failures="0" errors="0" timestamp="2020-10-19T06:54:58" hostname="DESKTOP-AURK5V2" time="0.013">
  <properties/>
  <testcase name="givenSentenceWhenWordsAreaddedToListShouldReturnFrequency" classname="com.cg.hashtable.MyHashMapTest" time="0.013"/>
  <system-out><![CDATA[MyHashMapNodes {LinkedListNodes{MyMapNode{K = to V = 2 }->MyMapNode{K = be V = 2 }->MyMapNode{K = or V = 1 }->MyMapNode{K = not V = 1 }}}
]]></system-out>
  <system-err><![CDATA[]]></system-err>
</testsuite>
