<?xml version="1.0" encoding="UTF-8"?>
<testsuite name="com.cg.hashtable.MyHashMapTest" tests="1" skipped="0" failures="0" errors="0" timestamp="2020-10-19T02:23:33" hostname="DESKTOP-AURK5V2" time="0.005">
  <properties/>
  <testcase name="givenSentenceWhenWordsAreaddedToListShouldReturnFrequency" classname="com.cg.hashtable.MyHashMapTest" time="0.005"/>
  <system-out><![CDATA[]]></system-out>
  <system-err><![CDATA[]]></system-err>
</testsuite>
