<?xml version="1.0" encoding="UTF-8"?>
<testsuite name="com.cg.hashtable.LinkedlistHashMapTest" tests="1" skipped="0" failures="0" errors="0" timestamp="2020-10-19T09:34:54" hostname="DESKTOP-AURK5V2" time="0.016">
  <properties/>
  <testcase name="givenSentenceWhenWordsAreaddedToListShouldReturnAvoidableFrequency" classname="com.cg.hashtable.LinkedlistHashMapTest" time="0.016"/>
  <system-out><![CDATA[MyLinkedHashMap List{[LinkedListNodes{MyMapNode{K = themselves V = 1 }}, LinkedListNodes{MyMapNode{K = but V = 1 }->MyMapNode{K = keep V = 1 }}, LinkedListNodes{MyMapNode{K = are V = 2 }->MyMapNode{K = they V = 1 }->MyMapNode{K = they V = 1 }->MyMapNode{K = into V = 1 }}, null, null, LinkedListNodes{MyMapNode{K = paranoids V = 1 }->MyMapNode{K = putting V = 1 }}, LinkedListNodes{MyMapNode{K = deliberately V = 1 }}, LinkedListNodes{MyMapNode{K = not V = 1 }}, LinkedListNodes{MyMapNode{K = paranoid V = 3 }->MyMapNode{K = because V = 1 }->MyMapNode{K = because V = 1 }}, LinkedListNodes{MyMapNode{K = situations V = 1 }}]}
]]></system-out>
  <system-err><![CDATA[]]></system-err>
</testsuite>
